CRITICAL - 2022-03-21 03:03:17 --> Call to undefined function App\Controllers\Portal\crear_menu_panel()
#0 C:\Users\Alejandro\Desktop\CI4\Historia\app\Controllers\Portal\Inicio.php(14): App\Controllers\Portal\Inicio->crear_vista('Portal/index', Array)
#1 C:\Users\Alejandro\Desktop\CI4\Historia\system\CodeIgniter.php(825): App\Controllers\Portal\Inicio->index()
#2 C:\Users\Alejandro\Desktop\CI4\Historia\system\CodeIgniter.php(412): CodeIgniter\CodeIgniter->runController(Object(App\Controllers\Portal\Inicio))
#3 C:\Users\Alejandro\Desktop\CI4\Historia\system\CodeIgniter.php(320): CodeIgniter\CodeIgniter->handleRequest(NULL, Object(Config\Cache), false)
#4 C:\Users\Alejandro\Desktop\CI4\Historia\public\index.php(37): CodeIgniter\CodeIgniter->run()
#5 C:\Users\Alejandro\Desktop\CI4\Historia\system\Commands\Server\rewrite.php(43): require_once('C:\\Users\\Alejan...')
#6 {main}
CRITICAL - 2022-03-21 03:05:45 --> Call to undefined function App\Controllers\Portal\crear_menu_panel()
#0 C:\Users\Alejandro\Desktop\CI4\Historia\app\Controllers\Portal\Inicio.php(14): App\Controllers\Portal\Inicio->crear_vista('Portal/index', Array)
#1 C:\Users\Alejandro\Desktop\CI4\Historia\system\CodeIgniter.php(825): App\Controllers\Portal\Inicio->index()
#2 C:\Users\Alejandro\Desktop\CI4\Historia\system\CodeIgniter.php(412): CodeIgniter\CodeIgniter->runController(Object(App\Controllers\Portal\Inicio))
#3 C:\Users\Alejandro\Desktop\CI4\Historia\system\CodeIgniter.php(320): CodeIgniter\CodeIgniter->handleRequest(NULL, Object(Config\Cache), false)
#4 C:\Users\Alejandro\Desktop\CI4\Historia\public\index.php(37): CodeIgniter\CodeIgniter->run()
#5 C:\Users\Alejandro\Desktop\CI4\Historia\system\Commands\Server\rewrite.php(43): require_once('C:\\Users\\Alejan...')
#6 {main}
CRITICAL - 2022-03-21 03:06:09 --> Invalid file: Portal/index.php
#0 C:\Users\Alejandro\Desktop\CI4\Historia\system\View\View.php(198): CodeIgniter\Exceptions\FrameworkException::forInvalidFile('Portal/index.ph...')
#1 C:\Users\Alejandro\Desktop\CI4\Historia\system\Common.php(1089): CodeIgniter\View\View->render('Portal/index', Array, true)
#2 C:\Users\Alejandro\Desktop\CI4\Historia\app\Controllers\Portal\Inicio.php(29): view('Portal/index', Array)
#3 C:\Users\Alejandro\Desktop\CI4\Historia\app\Controllers\Portal\Inicio.php(14): App\Controllers\Portal\Inicio->crear_vista('Portal/index', Array)
#4 C:\Users\Alejandro\Desktop\CI4\Historia\system\CodeIgniter.php(825): App\Controllers\Portal\Inicio->index()
#5 C:\Users\Alejandro\Desktop\CI4\Historia\system\CodeIgniter.php(412): CodeIgniter\CodeIgniter->runController(Object(App\Controllers\Portal\Inicio))
#6 C:\Users\Alejandro\Desktop\CI4\Historia\system\CodeIgniter.php(320): CodeIgniter\CodeIgniter->handleRequest(NULL, Object(Config\Cache), false)
#7 C:\Users\Alejandro\Desktop\CI4\Historia\public\index.php(37): CodeIgniter\CodeIgniter->run()
#8 C:\Users\Alejandro\Desktop\CI4\Historia\system\Commands\Server\rewrite.php(43): require_once('C:\\Users\\Alejan...')
#9 {main}
CRITICAL - 2022-03-21 19:43:22 --> Invalid file: Plantillas/Portal_base.php
#0 C:\Users\Alejandro\Desktop\CI4\Historia\system\View\View.php(198): CodeIgniter\Exceptions\FrameworkException::forInvalidFile('Plantillas/Port...')
#1 C:\Users\Alejandro\Desktop\CI4\Historia\system\View\View.php(226): CodeIgniter\View\View->render('Plantillas/Port...', Array, true)
#2 C:\Users\Alejandro\Desktop\CI4\Historia\system\Common.php(1089): CodeIgniter\View\View->render('Portal/inicio', Array, true)
#3 C:\Users\Alejandro\Desktop\CI4\Historia\app\Controllers\Portal\Inicio.php(29): view('Portal/inicio', Array)
#4 C:\Users\Alejandro\Desktop\CI4\Historia\app\Controllers\Portal\Inicio.php(14): App\Controllers\Portal\Inicio->crear_vista('Portal/inicio', Array)
#5 C:\Users\Alejandro\Desktop\CI4\Historia\system\CodeIgniter.php(825): App\Controllers\Portal\Inicio->index()
#6 C:\Users\Alejandro\Desktop\CI4\Historia\system\CodeIgniter.php(412): CodeIgniter\CodeIgniter->runController(Object(App\Controllers\Portal\Inicio))
#7 C:\Users\Alejandro\Desktop\CI4\Historia\system\CodeIgniter.php(320): CodeIgniter\CodeIgniter->handleRequest(NULL, Object(Config\Cache), false)
#8 C:\Users\Alejandro\Desktop\CI4\Historia\public\index.php(37): CodeIgniter\CodeIgniter->run()
#9 C:\Users\Alejandro\Desktop\CI4\Historia\system\Commands\Server\rewrite.php(43): require_once('C:\\Users\\Alejan...')
#10 {main}
